2015-02-11T21:07:40+00:00 ERR (3): 
exception 'Exception' with message 'Warning: file_exists(): open_basedir restriction in effect. File(/usr/share/php/Mage/Dos/Adminhtml/Block/Origin.php) is not within the allowed path(s): (/opt2/sites/)  in /opt2/sites/dim/app/code/core/Mage/Core/functions.php on line 145' in /opt2/sites/dim/app/code/core/Mage/Core/functions.php:245
Stack trace:
#0 [internal function]: mageCoreErrorHandler(2, 'file_exists(): ...', '/opt2/sites/dim...', 145, Array)
#1 /opt2/sites/dim/app/code/core/Mage/Core/functions.php(145): file_exists('/usr/share/php/...')
#2 /opt2/sites/dim/app/code/core/Mage/Core/Model/Layout.php(490): mageFindClassFile('Mage_Dos_Adminh...')
#3 /opt2/sites/dim/app/code/core/Mage/Core/Model/Layout.php(437): Mage_Core_Model_Layout->_getBlockInstance('dos_adminhtml/o...', Array)
#4 /opt2/sites/dim/app/code/local/Mainstreethost/DynamicOriginShipping/controllers/Adminhtml/OriginController.php(21): Mage_Core_Model_Layout->createBlock('dos_adminhtml/o...')
#5 /opt2/sites/dim/app/code/core/Mage/Core/Controller/Varien/Action.php(418): Mainstreethost_DynamicOriginShipping_Adminhtml_OriginController->indexAction()
#6 /opt2/sites/dim/app/code/core/Mage/Core/Controller/Varien/Router/Standard.php(250): Mage_Core_Controller_Varien_Action->dispatch('index')
#7 /opt2/sites/dim/app/code/core/Mage/Core/Controller/Varien/Front.php(172): Mage_Core_Controller_Varien_Router_Standard->match(Object(Mage_Core_Controller_Request_Http))
#8 /opt2/sites/dim/app/code/core/Mage/Core/Model/App.php(354): Mage_Core_Controller_Varien_Front->dispatch()
#9 /opt2/sites/dim/app/Mage.php(684): Mage_Core_Model_App->run(Array)
#10 /opt2/sites/dim/index.php(87): Mage::run('', 'store')
#11 {main}
2015-02-11T21:42:09+00:00 ERR (3): 
exception 'Exception' with message 'Warning: file_exists(): open_basedir restriction in effect. File(/usr/share/php/Mage/Dos/Adminhtml/Block/Origin/Grid.php) is not within the allowed path(s): (/opt2/sites/)  in /opt2/sites/dim/app/code/core/Mage/Core/functions.php on line 145' in /opt2/sites/dim/app/code/core/Mage/Core/functions.php:245
Stack trace:
#0 [internal function]: mageCoreErrorHandler(2, 'file_exists(): ...', '/opt2/sites/dim...', 145, Array)
#1 /opt2/sites/dim/app/code/core/Mage/Core/functions.php(145): file_exists('/usr/share/php/...')
#2 /opt2/sites/dim/app/code/core/Mage/Core/Model/Layout.php(490): mageFindClassFile('Mage_Dos_Adminh...')
#3 /opt2/sites/dim/app/code/core/Mage/Core/Model/Layout.php(437): Mage_Core_Model_Layout->_getBlockInstance('dos_adminhtml/o...', Array)
#4 /opt2/sites/dim/app/code/core/Mage/Adminhtml/Block/Widget/Grid/Container.php(66): Mage_Core_Model_Layout->createBlock('dos_adminhtml/o...', 'origin.grid')
#5 /opt2/sites/dim/app/code/core/Mage/Core/Block/Abstract.php(293): Mage_Adminhtml_Block_Widget_Grid_Container->_prepareLayout()
#6 /opt2/sites/dim/app/code/core/Mage/Core/Model/Layout.php(456): Mage_Core_Block_Abstract->setLayout(Object(Mage_Core_Model_Layout))
#7 /opt2/sites/dim/app/code/local/Mainstreethost/DynamicOriginShipping/controllers/Adminhtml/OriginController.php(21): Mage_Core_Model_Layout->createBlock('dos/adminhtml_o...')
#8 /opt2/sites/dim/app/code/core/Mage/Core/Controller/Varien/Action.php(418): Mainstreethost_DynamicOriginShipping_Adminhtml_OriginController->indexAction()
#9 /opt2/sites/dim/app/code/core/Mage/Core/Controller/Varien/Router/Standard.php(250): Mage_Core_Controller_Varien_Action->dispatch('index')
#10 /opt2/sites/dim/app/code/core/Mage/Core/Controller/Varien/Front.php(172): Mage_Core_Controller_Varien_Router_Standard->match(Object(Mage_Core_Controller_Request_Http))
#11 /opt2/sites/dim/app/code/core/Mage/Core/Model/App.php(354): Mage_Core_Controller_Varien_Front->dispatch()
#12 /opt2/sites/dim/app/Mage.php(684): Mage_Core_Model_App->run(Array)
#13 /opt2/sites/dim/index.php(87): Mage::run('', 'store')
#14 {main}
2015-02-11T21:45:35+00:00 ERR (3): 
exception 'Exception' with message 'Warning: file_exists(): open_basedir restriction in effect. File(/usr/share/php/Mage/Dos/Adminhtml/Block/Origin/Grid.php) is not within the allowed path(s): (/opt2/sites/)  in /opt2/sites/dim/app/code/core/Mage/Core/functions.php on line 145' in /opt2/sites/dim/app/code/core/Mage/Core/functions.php:245
Stack trace:
#0 [internal function]: mageCoreErrorHandler(2, 'file_exists(): ...', '/opt2/sites/dim...', 145, Array)
#1 /opt2/sites/dim/app/code/core/Mage/Core/functions.php(145): file_exists('/usr/share/php/...')
#2 /opt2/sites/dim/app/code/core/Mage/Core/Model/Layout.php(490): mageFindClassFile('Mage_Dos_Adminh...')
#3 /opt2/sites/dim/app/code/core/Mage/Core/Model/Layout.php(437): Mage_Core_Model_Layout->_getBlockInstance('dos_adminhtml/o...', Array)
#4 /opt2/sites/dim/app/code/core/Mage/Adminhtml/Block/Widget/Grid/Container.php(66): Mage_Core_Model_Layout->createBlock('dos_adminhtml/o...', 'origin.grid')
#5 /opt2/sites/dim/app/code/core/Mage/Core/Block/Abstract.php(293): Mage_Adminhtml_Block_Widget_Grid_Container->_prepareLayout()
#6 /opt2/sites/dim/app/code/core/Mage/Core/Model/Layout.php(456): Mage_Core_Block_Abstract->setLayout(Object(Mage_Core_Model_Layout))
#7 /opt2/sites/dim/app/code/local/Mainstreethost/DynamicOriginShipping/controllers/Adminhtml/OriginController.php(21): Mage_Core_Model_Layout->createBlock('dos/adminhtml_o...')
#8 /opt2/sites/dim/app/code/core/Mage/Core/Controller/Varien/Action.php(418): Mainstreethost_DynamicOriginShipping_Adminhtml_OriginController->indexAction()
#9 /opt2/sites/dim/app/code/core/Mage/Core/Controller/Varien/Router/Standard.php(250): Mage_Core_Controller_Varien_Action->dispatch('index')
#10 /opt2/sites/dim/app/code/core/Mage/Core/Controller/Varien/Front.php(172): Mage_Core_Controller_Varien_Router_Standard->match(Object(Mage_Core_Controller_Request_Http))
#11 /opt2/sites/dim/app/code/core/Mage/Core/Model/App.php(354): Mage_Core_Controller_Varien_Front->dispatch()
#12 /opt2/sites/dim/app/Mage.php(684): Mage_Core_Model_App->run(Array)
#13 /opt2/sites/dim/index.php(87): Mage::run('', 'store')
#14 {main}
2015-02-11T22:20:56+00:00 ERR (3): 
exception 'Exception' with message 'Warning: file_exists(): open_basedir restriction in effect. File(/usr/share/php/Mage/Dos/Adminhtml/Block/Origin/Grid.php) is not within the allowed path(s): (/opt2/sites/)  in /opt2/sites/dim/app/code/core/Mage/Core/functions.php on line 145' in /opt2/sites/dim/app/code/core/Mage/Core/functions.php:245
Stack trace:
#0 [internal function]: mageCoreErrorHandler(2, 'file_exists(): ...', '/opt2/sites/dim...', 145, Array)
#1 /opt2/sites/dim/app/code/core/Mage/Core/functions.php(145): file_exists('/usr/share/php/...')
#2 /opt2/sites/dim/app/code/core/Mage/Core/Model/Layout.php(490): mageFindClassFile('Mage_Dos_Adminh...')
#3 /opt2/sites/dim/app/code/core/Mage/Core/Model/Layout.php(437): Mage_Core_Model_Layout->_getBlockInstance('dos_adminhtml/o...', Array)
#4 /opt2/sites/dim/app/code/core/Mage/Adminhtml/Block/Widget/Grid/Container.php(66): Mage_Core_Model_Layout->createBlock('dos_adminhtml/o...', 'origin.grid')
#5 /opt2/sites/dim/app/code/core/Mage/Core/Block/Abstract.php(293): Mage_Adminhtml_Block_Widget_Grid_Container->_prepareLayout()
#6 /opt2/sites/dim/app/code/core/Mage/Core/Model/Layout.php(456): Mage_Core_Block_Abstract->setLayout(Object(Mage_Core_Model_Layout))
#7 /opt2/sites/dim/app/code/local/Mainstreethost/DynamicOriginShipping/controllers/Adminhtml/OriginController.php(21): Mage_Core_Model_Layout->createBlock('dos/adminhtml_o...')
#8 /opt2/sites/dim/app/code/core/Mage/Core/Controller/Varien/Action.php(418): Mainstreethost_DynamicOriginShipping_Adminhtml_OriginController->indexAction()
#9 /opt2/sites/dim/app/code/core/Mage/Core/Controller/Varien/Router/Standard.php(250): Mage_Core_Controller_Varien_Action->dispatch('index')
#10 /opt2/sites/dim/app/code/core/Mage/Core/Controller/Varien/Front.php(172): Mage_Core_Controller_Varien_Router_Standard->match(Object(Mage_Core_Controller_Request_Http))
#11 /opt2/sites/dim/app/code/core/Mage/Core/Model/App.php(354): Mage_Core_Controller_Varien_Front->dispatch()
#12 /opt2/sites/dim/app/Mage.php(684): Mage_Core_Model_App->run(Array)
#13 /opt2/sites/dim/index.php(87): Mage::run('', 'store')
#14 {main}
2015-02-11T22:22:10+00:00 ERR (3): 
exception 'Exception' with message 'Warning: file_exists(): open_basedir restriction in effect. File(/usr/share/php/Mage/Dos/Adminhtml/Block/Origin/Grid.php) is not within the allowed path(s): (/opt2/sites/)  in /opt2/sites/dim/app/code/core/Mage/Core/functions.php on line 145' in /opt2/sites/dim/app/code/core/Mage/Core/functions.php:245
Stack trace:
#0 [internal function]: mageCoreErrorHandler(2, 'file_exists(): ...', '/opt2/sites/dim...', 145, Array)
#1 /opt2/sites/dim/app/code/core/Mage/Core/functions.php(145): file_exists('/usr/share/php/...')
#2 /opt2/sites/dim/app/code/core/Mage/Core/Model/Layout.php(490): mageFindClassFile('Mage_Dos_Adminh...')
#3 /opt2/sites/dim/app/code/core/Mage/Core/Model/Layout.php(437): Mage_Core_Model_Layout->_getBlockInstance('dos_adminhtml/o...', Array)
#4 /opt2/sites/dim/app/code/core/Mage/Adminhtml/Block/Widget/Grid/Container.php(66): Mage_Core_Model_Layout->createBlock('dos_adminhtml/o...', 'origin.grid')
#5 /opt2/sites/dim/app/code/core/Mage/Core/Block/Abstract.php(293): Mage_Adminhtml_Block_Widget_Grid_Container->_prepareLayout()
#6 /opt2/sites/dim/app/code/core/Mage/Core/Model/Layout.php(456): Mage_Core_Block_Abstract->setLayout(Object(Mage_Core_Model_Layout))
#7 /opt2/sites/dim/app/code/local/Mainstreethost/DynamicOriginShipping/controllers/Adminhtml/OriginController.php(21): Mage_Core_Model_Layout->createBlock('dos/adminhtml_o...')
#8 /opt2/sites/dim/app/code/core/Mage/Core/Controller/Varien/Action.php(418): Mainstreethost_DynamicOriginShipping_Adminhtml_OriginController->indexAction()
#9 /opt2/sites/dim/app/code/core/Mage/Core/Controller/Varien/Router/Standard.php(250): Mage_Core_Controller_Varien_Action->dispatch('index')
#10 /opt2/sites/dim/app/code/core/Mage/Core/Controller/Varien/Front.php(172): Mage_Core_Controller_Varien_Router_Standard->match(Object(Mage_Core_Controller_Request_Http))
#11 /opt2/sites/dim/app/code/core/Mage/Core/Model/App.php(354): Mage_Core_Controller_Varien_Front->dispatch()
#12 /opt2/sites/dim/app/Mage.php(684): Mage_Core_Model_App->run(Array)
#13 /opt2/sites/dim/index.php(87): Mage::run('', 'store')
#14 {main}
2015-02-11T22:23:17+00:00 ERR (3): 
exception 'Exception' with message 'Warning: file_exists(): open_basedir restriction in effect. File(/usr/share/php/Mage/Dos/Adminhtml/Block/Origin/Grid.php) is not within the allowed path(s): (/opt2/sites/)  in /opt2/sites/dim/app/code/core/Mage/Core/functions.php on line 145' in /opt2/sites/dim/app/code/core/Mage/Core/functions.php:245
Stack trace:
#0 [internal function]: mageCoreErrorHandler(2, 'file_exists(): ...', '/opt2/sites/dim...', 145, Array)
#1 /opt2/sites/dim/app/code/core/Mage/Core/functions.php(145): file_exists('/usr/share/php/...')
#2 /opt2/sites/dim/app/code/core/Mage/Core/Model/Layout.php(490): mageFindClassFile('Mage_Dos_Adminh...')
#3 /opt2/sites/dim/app/code/core/Mage/Core/Model/Layout.php(437): Mage_Core_Model_Layout->_getBlockInstance('dos_adminhtml/o...', Array)
#4 /opt2/sites/dim/app/code/core/Mage/Adminhtml/Block/Widget/Grid/Container.php(66): Mage_Core_Model_Layout->createBlock('dos_adminhtml/o...', 'origin.grid')
#5 /opt2/sites/dim/app/code/core/Mage/Core/Block/Abstract.php(293): Mage_Adminhtml_Block_Widget_Grid_Container->_prepareLayout()
#6 /opt2/sites/dim/app/code/core/Mage/Core/Model/Layout.php(456): Mage_Core_Block_Abstract->setLayout(Object(Mage_Core_Model_Layout))
#7 /opt2/sites/dim/app/code/local/Mainstreethost/DynamicOriginShipping/controllers/Adminhtml/OriginController.php(21): Mage_Core_Model_Layout->createBlock('dos/adminhtml_o...')
#8 /opt2/sites/dim/app/code/core/Mage/Core/Controller/Varien/Action.php(418): Mainstreethost_DynamicOriginShipping_Adminhtml_OriginController->indexAction()
#9 /opt2/sites/dim/app/code/core/Mage/Core/Controller/Varien/Router/Standard.php(250): Mage_Core_Controller_Varien_Action->dispatch('index')
#10 /opt2/sites/dim/app/code/core/Mage/Core/Controller/Varien/Front.php(172): Mage_Core_Controller_Varien_Router_Standard->match(Object(Mage_Core_Controller_Request_Http))
#11 /opt2/sites/dim/app/code/core/Mage/Core/Model/App.php(354): Mage_Core_Controller_Varien_Front->dispatch()
#12 /opt2/sites/dim/app/Mage.php(684): Mage_Core_Model_App->run(Array)
#13 /opt2/sites/dim/index.php(87): Mage::run('', 'store')
#14 {main}
2015-02-11T22:31:59+00:00 ERR (3): 
exception 'Exception' with message 'Warning: file_exists(): open_basedir restriction in effect. File(/usr/share/php/Mage/Dos/Adminhtml/Block/Origin/Edit.php) is not within the allowed path(s): (/opt2/sites/)  in /opt2/sites/dim/app/code/core/Mage/Core/functions.php on line 145' in /opt2/sites/dim/app/code/core/Mage/Core/functions.php:245
Stack trace:
#0 [internal function]: mageCoreErrorHandler(2, 'file_exists(): ...', '/opt2/sites/dim...', 145, Array)
#1 /opt2/sites/dim/app/code/core/Mage/Core/functions.php(145): file_exists('/usr/share/php/...')
#2 /opt2/sites/dim/app/code/core/Mage/Core/Model/Layout.php(490): mageFindClassFile('Mage_Dos_Adminh...')
#3 /opt2/sites/dim/app/code/core/Mage/Core/Model/Layout.php(437): Mage_Core_Model_Layout->_getBlockInstance('dos_adminhtml/o...', Array)
#4 /opt2/sites/dim/app/code/local/Mainstreethost/DynamicOriginShipping/controllers/Adminhtml/OriginController.php(89): Mage_Core_Model_Layout->createBlock('dos_adminhtml/o...')
#5 /opt2/sites/dim/app/code/core/Mage/Core/Controller/Varien/Action.php(418): Mainstreethost_DynamicOriginShipping_Adminhtml_OriginController->editAction()
#6 /opt2/sites/dim/app/code/core/Mage/Core/Controller/Varien/Router/Standard.php(250): Mage_Core_Controller_Varien_Action->dispatch('edit')
#7 /opt2/sites/dim/app/code/core/Mage/Core/Controller/Varien/Front.php(172): Mage_Core_Controller_Varien_Router_Standard->match(Object(Mage_Core_Controller_Request_Http))
#8 /opt2/sites/dim/app/code/core/Mage/Core/Model/App.php(354): Mage_Core_Controller_Varien_Front->dispatch()
#9 /opt2/sites/dim/app/Mage.php(684): Mage_Core_Model_App->run(Array)
#10 /opt2/sites/dim/index.php(87): Mage::run('', 'store')
#11 {main}
2015-02-11T22:46:30+00:00 ERR (3): 
exception 'Exception' with message 'Warning: file_exists(): open_basedir restriction in effect. File(/usr/share/php/Mage/Dos/Adminhtml/Block/Origin/Edit/Form.php) is not within the allowed path(s): (/opt2/sites/)  in /opt2/sites/dim/app/code/core/Mage/Core/functions.php on line 145' in /opt2/sites/dim/app/code/core/Mage/Core/functions.php:245
Stack trace:
#0 [internal function]: mageCoreErrorHandler(2, 'file_exists(): ...', '/opt2/sites/dim...', 145, Array)
#1 /opt2/sites/dim/app/code/core/Mage/Core/functions.php(145): file_exists('/usr/share/php/...')
#2 /opt2/sites/dim/app/code/core/Mage/Core/Model/Layout.php(490): mageFindClassFile('Mage_Dos_Adminh...')
#3 /opt2/sites/dim/app/code/core/Mage/Core/Model/Layout.php(437): Mage_Core_Model_Layout->_getBlockInstance('dos_adminhtml/o...', Array)
#4 /opt2/sites/dim/app/code/core/Mage/Adminhtml/Block/Widget/Form/Container.php(82): Mage_Core_Model_Layout->createBlock('dos_adminhtml/o...')
#5 /opt2/sites/dim/app/code/core/Mage/Core/Block/Abstract.php(293): Mage_Adminhtml_Block_Widget_Form_Container->_prepareLayout()
#6 /opt2/sites/dim/app/code/core/Mage/Core/Model/Layout.php(456): Mage_Core_Block_Abstract->setLayout(Object(Mage_Core_Model_Layout))
#7 /opt2/sites/dim/app/code/local/Mainstreethost/DynamicOriginShipping/controllers/Adminhtml/OriginController.php(89): Mage_Core_Model_Layout->createBlock('dos/adminhtml_o...')
#8 /opt2/sites/dim/app/code/core/Mage/Core/Controller/Varien/Action.php(418): Mainstreethost_DynamicOriginShipping_Adminhtml_OriginController->editAction()
#9 /opt2/sites/dim/app/code/core/Mage/Core/Controller/Varien/Router/Standard.php(250): Mage_Core_Controller_Varien_Action->dispatch('edit')
#10 /opt2/sites/dim/app/code/core/Mage/Core/Controller/Varien/Front.php(172): Mage_Core_Controller_Varien_Router_Standard->match(Object(Mage_Core_Controller_Request_Http))
#11 /opt2/sites/dim/app/code/core/Mage/Core/Model/App.php(354): Mage_Core_Controller_Varien_Front->dispatch()
#12 /opt2/sites/dim/app/Mage.php(684): Mage_Core_Model_App->run(Array)
#13 /opt2/sites/dim/index.php(87): Mage::run('', 'store')
#14 {main}
2015-02-11T23:44:53+00:00 ERR (3): 
exception 'Exception' with message 'Warning: include(Mainstreethost/DynamicOriginShipping/Model/Resource/Brand.php): failed to open stream: No such file or directory  in /opt2/sites/dim/lib/Varien/Autoload.php on line 93' in /opt2/sites/dim/app/code/core/Mage/Core/functions.php:245
Stack trace:
#0 /opt2/sites/dim/lib/Varien/Autoload.php(93): mageCoreErrorHandler(2, 'include(Mainstr...', '/opt2/sites/dim...', 93, Array)
#1 /opt2/sites/dim/lib/Varien/Autoload.php(93): Varien_Autoload::autoload()
#2 [internal function]: Varien_Autoload->autoload('Mainstreethost_...')
#3 [internal function]: spl_autoload_call('Mainstreethost_...')
#4 /opt2/sites/dim/app/code/core/Mage/Core/Model/Config.php(1346): class_exists('Mainstreethost_...')
#5 /opt2/sites/dim/app/code/core/Mage/Core/Model/Config.php(1380): Mage_Core_Model_Config->getModelInstance('dos_resource/br...', Array)
#6 /opt2/sites/dim/app/Mage.php(491): Mage_Core_Model_Config->getResourceModelInstance('dos/brand', Array)
#7 /opt2/sites/dim/app/Mage.php(519): Mage::getResourceModel('dos/brand', Array)
#8 /opt2/sites/dim/app/code/core/Mage/Core/Model/Abstract.php(139): Mage::getResourceSingleton('dos/brand')
#9 /opt2/sites/dim/app/code/core/Mage/Core/Model/Abstract.php(313): Mage_Core_Model_Abstract->_getResource()
#10 /opt2/sites/dim/app/code/local/Mainstreethost/DynamicOriginShipping/controllers/Adminhtml/OriginController.php(59): Mage_Core_Model_Abstract->save()
#11 /opt2/sites/dim/app/code/core/Mage/Core/Controller/Varien/Action.php(418): Mainstreethost_DynamicOriginShipping_Adminhtml_OriginController->editAction()
#12 /opt2/sites/dim/app/code/core/Mage/Core/Controller/Varien/Router/Standard.php(250): Mage_Core_Controller_Varien_Action->dispatch('edit')
#13 /opt2/sites/dim/app/code/core/Mage/Core/Controller/Varien/Front.php(172): Mage_Core_Controller_Varien_Router_Standard->match(Object(Mage_Core_Controller_Request_Http))
#14 /opt2/sites/dim/app/code/core/Mage/Core/Model/App.php(354): Mage_Core_Controller_Varien_Front->dispatch()
#15 /opt2/sites/dim/app/Mage.php(684): Mage_Core_Model_App->run(Array)
#16 /opt2/sites/dim/index.php(87): Mage::run('', 'store')
#17 {main}
2015-02-11T23:48:40+00:00 ERR (3): 
exception 'Varien_Exception' with message 'Invalid method Mainstreethost_DynamicOriginShipping_Model_Origin::_prepareUrlKey(Array
(
)
)' in /opt2/sites/dim/lib/Varien/Object.php:653
Stack trace:
#0 /opt2/sites/dim/app/code/local/Mainstreethost/DynamicOriginShipping/Model/Origin.php(39): Varien_Object->__call('_prepareUrlKey', Array)
#1 /opt2/sites/dim/app/code/local/Mainstreethost/DynamicOriginShipping/Model/Origin.php(39): Mainstreethost_DynamicOriginShipping_Model_Origin->_prepareUrlKey()
#2 /opt2/sites/dim/app/code/core/Mage/Core/Model/Abstract.php(316): Mainstreethost_DynamicOriginShipping_Model_Origin->_beforeSave()
#3 /opt2/sites/dim/app/code/local/Mainstreethost/DynamicOriginShipping/controllers/Adminhtml/OriginController.php(59): Mage_Core_Model_Abstract->save()
#4 /opt2/sites/dim/app/code/core/Mage/Core/Controller/Varien/Action.php(418): Mainstreethost_DynamicOriginShipping_Adminhtml_OriginController->editAction()
#5 /opt2/sites/dim/app/code/core/Mage/Core/Controller/Varien/Router/Standard.php(250): Mage_Core_Controller_Varien_Action->dispatch('edit')
#6 /opt2/sites/dim/app/code/core/Mage/Core/Controller/Varien/Front.php(172): Mage_Core_Controller_Varien_Router_Standard->match(Object(Mage_Core_Controller_Request_Http))
#7 /opt2/sites/dim/app/code/core/Mage/Core/Model/App.php(354): Mage_Core_Controller_Varien_Front->dispatch()
#8 /opt2/sites/dim/app/Mage.php(684): Mage_Core_Model_App->run(Array)
#9 /opt2/sites/dim/index.php(87): Mage::run('', 'store')
#10 {main}
